-------------------------------------------------------------------------------
Test set: com.tr.domain.services.VehicleServiceTest
-------------------------------------------------------------------------------
Tests run: 6, Failures: 0, Errors: 1, Skipped: 0, Time elapsed: 0.07 s <<< FAILURE! - in com.tr.domain.services.VehicleServiceTest
shouldVeicleWhenThenSalveVeicles  Time elapsed: 0.004 s  <<< ERROR!
java.lang.NullPointerException
	at com.tr.domain.services.VehicleServiceTest.shouldVeicleWhenThenSalveVeicles(VehicleServiceTest.java:41)

