<?xml version="1.0" encoding="UTF-8"?>
<testsuite xmlns:xsi="http://www.w3.org/2001/XMLSchema-instance" xsi:noNamespaceSchemaLocation="https://maven.apache.org/surefire/maven-surefire-plugin/xsd/surefire-test-report.xsd" name="com.tr.domain.services.CategoryServiceTest" time="0.114" tests="6" errors="0" skipped="0" failures="0">
  <properties>
[...]
</properties>
  <testcase name="shouldFindAllByCategories" classname="com.tr.domain.services.CategoryServiceTest" time="0.09"/>
  <testcase name="shouldFindAllThenReturnEmptyCategories" classname="com.tr.domain.services.CategoryServiceTest" time="0.002"/>
  <testcase name="shouldCategoryWhenThenSalveCategories" classname="com.tr.domain.services.CategoryServiceTest" time="0.007"/>
  <testcase name="deleteShouldDoNothingWhenIdExists" classname="com.tr.domain.services.CategoryServiceTest" time="0.009"/>
  <testcase name="updateCategory" classname="com.tr.domain.services.CategoryServiceTest" time="0.003"/>
  <testcase name="shouldCategoryFindById" classname="com.tr.domain.services.CategoryServiceTest" time="0.001"/>
</testsuite>